Authorized using stored user info.
stderr: 'rm' is not recognized as an internal or external command,
operable program or batch file.

Exporting assets from Unity......
[ Stage1 ] Assets exported from Unity and staged for further processing
Z:\LunaPLY\BucketCrusher\LunaTemp\expert.json is invalid or doesn't exist
Z:\LunaPLY\BucketCrusher\LunaTemp\expert.json is invalid or doesn't exist
Z:\LunaPLY\BucketCrusher\LunaTemp\expert.json is invalid or doesn't exist
Z:\LunaPLY\BucketCrusher\LunaTemp\expert.json is invalid or doesn't exist
Z:\LunaPLY\BucketCrusher\LunaTemp\expert.json is invalid or doesn't exist
Z:\LunaPLY\BucketCrusher\LunaTemp\expert.json is invalid or doesn't exist
Z:\LunaPLY\BucketCrusher\LunaTemp\expert.json is invalid or doesn't exist
Z:\LunaPLY\BucketCrusher\LunaTemp\expert.json is invalid or doesn't exist
Z:\LunaPLY\BucketCrusher\LunaTemp\expert.json is invalid or doesn't exist
Z:\LunaPLY\BucketCrusher\LunaTemp\expert.json is invalid or doesn't exist
Z:\LunaPLY\BucketCrusher\LunaTemp\expert.json is invalid or doesn't exist
Z:\LunaPLY\BucketCrusher\LunaTemp\expert.json is invalid or doesn't exist
Z:\LunaPLY\BucketCrusher\LunaTemp\expert.json is invalid or doesn't exist
Z:\LunaPLY\BucketCrusher\LunaTemp\expert.json is invalid or doesn't exist
Z:\LunaPLY\BucketCrusher\LunaTemp\expert.json is invalid or doesn't exist
Z:\LunaPLY\BucketCrusher\LunaTemp\expert.json is invalid or doesn't exist
Z:\LunaPLY\BucketCrusher\LunaTemp\expert.json is invalid or doesn't exist
Z:\LunaPLY\BucketCrusher\LunaTemp\expert.json is invalid or doesn't exist
Z:\LunaPLY\BucketCrusher\LunaTemp\expert.json is invalid or doesn't exist
Z:\LunaPLY\BucketCrusher\LunaTemp\expert.json is invalid or doesn't exist
Z:\LunaPLY\BucketCrusher\LunaTemp\expert.json is invalid or doesn't exist
Z:\LunaPLY\BucketCrusher\LunaTemp\expert.json is invalid or doesn't exist
Z:\LunaPLY\BucketCrusher\LunaTemp\expert.json is invalid or doesn't exist
Z:\LunaPLY\BucketCrusher\LunaTemp\expert.json is invalid or doesn't exist
Z:\LunaPLY\BucketCrusher\LunaTemp\expert.json is invalid or doesn't exist
Resources:
{}
Z:\LunaPLY\BucketCrusher\LunaTemp\expert.json is invalid or doesn't exist
[ Stage2 ] Assets postprocessed and bundled successfully
[ Stage4 ] Target platform: develop
[ Stage4 ] Package bundled successfully
